[0907/190217.122:ERROR:process_memory_win.cc(73)] ReadMemory at 0x20c6d5a4660 of 72 bytes failed: Only part of a ReadProcessMemory or WriteProcessMemory request was completed. (0x12B)
[0907/190217.123:WARNING:pe_image_annotations_reader.cc(135)] could not read annotations list object in C:\Program Files (x86)\Microsoft\Edge\Application\85.0.564.44\msedge_elf.dll
[0907/190217.123:ERROR:process_memory_win.cc(73)] ReadMemory at 0x20c6d5f1060 of 72 bytes failed: Only part of a ReadProcessMemory or WriteProcessMemory request was completed. (0x12B)
[0907/190217.123:WARNING:pe_image_annotations_reader.cc(135)] could not read annotations list object in C:\Program Files (x86)\Microsoft\Edge\Application\85.0.564.44\msedge.dll
[0907/190217.136:ERROR:minidumpwritedump_with_crashpad_info.cc(452)] Failed to call MiniDumpWriteDump: Only part of a ReadProcessMemory or WriteProcessMemory request was completed. (0x8007012B)
[0907/190217.137:ERROR:minidumpwritedump_with_crashpad_info.cc(661)] Failed to write minidump file
[0907/190217.137:ERROR:crash_report_exception_handler.cc(132)] TryMiniDumpWriteDumpWithCrashpadInfo failed
[0907/190217.140:ERROR:process_memory_win.cc(73)] ReadMemory at 0x7ff744360000 of 64 bytes failed: Only part of a ReadProcessMemory or WriteProcessMemory request was completed. (0x12B)
[0907/190217.140:WARNING:pe_image_reader.cc(340)] could not read dos header from C:\Program Files (x86)\Microsoft\Edge\Application\msedge.exe
[0907/190217.140:ERROR:process_memory_win.cc(73)] ReadMemory at 0x7fff76a60000 of 64 bytes failed: Only part of a ReadProcessMemory or WriteProcessMemory request was completed. (0x12B)
[0907/190217.140:WARNING:pe_image_reader.cc(340)] could not read dos header from C:\Program Files (x86)\Microsoft\Edge\Application\85.0.564.44\msedge.dll
[0907/190217.140:ERROR:process_memory_win.cc(73)] ReadMemory at 0x7ff744360000 of 64 bytes failed: Only part of a ReadProcessMemory or WriteProcessMemory request was completed. (0x12B)
[0907/190217.140:WARNING:pe_image_reader.cc(340)] could not read dos header from C:\Program Files (x86)\Microsoft\Edge\Application\msedge.exe
[0907/190217.141:ERROR:process_memory_win.cc(73)] ReadMemory at 0x7ff744360000 of 64 bytes failed: Only part of a ReadProcessMemory or WriteProcessMemory request was completed. (0x12B)
[0907/190217.141:WARNING:pe_image_reader.cc(340)] could not read dos header from C:\Program Files (x86)\Microsoft\Edge\Application\msedge.exe
[0907/190217.141:ERROR:process_memory_win.cc(73)] ReadMemory at 0x20c6d5a4660 of 72 bytes failed: Only part of a ReadProcessMemory or WriteProcessMemory request was completed. (0x12B)
[0907/190217.142:WARNING:pe_image_annotations_reader.cc(135)] could not read annotations list object in C:\Program Files (x86)\Microsoft\Edge\Application\85.0.564.44\msedge_elf.dll
[0907/190217.142:ERROR:process_memory_win.cc(73)] ReadMemory at 0x7fff76a60000 of 64 bytes failed: Only part of a ReadProcessMemory or WriteProcessMemory request was completed. (0x12B)
[0907/190217.142:WARNING:pe_image_reader.cc(340)] could not read dos header from C:\Program Files (x86)\Microsoft\Edge\Application\85.0.564.44\msedge.dll
[0907/190217.142:ERROR:process_memory_win.cc(73)] ReadMemory at 0x7fff76a60000 of 64 bytes failed: Only part of a ReadProcessMemory or WriteProcessMemory request was completed. (0x12B)
[0907/190217.142:WARNING:pe_image_reader.cc(340)] could not read dos header from C:\Program Files (x86)\Microsoft\Edge\Application\85.0.564.44\msedge.dll
[0907/190217.231:ERROR:process_memory_win.cc(73)] ReadMemory at 0x7ff744360000 of 64 bytes failed: Only part of a ReadProcessMemory or WriteProcessMemory request was completed. (0x12B)
[0907/190217.231:WARNING:pe_image_reader.cc(340)] could not read dos header from C:\Program Files (x86)\Microsoft\Edge\Application\msedge.exe
[0907/190217.231:ERROR:process_memory_win.cc(73)] ReadMemory at 0x7fffdf020000 of 64 bytes failed: Only part of a ReadProcessMemory or WriteProcessMemory request was completed. (0x12B)
[0907/190217.231:WARNING:pe_image_reader.cc(340)] could not read dos header from C:\Windows\SYSTEM32\ntdll.dll
[0907/190217.231:ERROR:process_memory_win.cc(73)] ReadMemory at 0x7fffde370000 of 64 bytes failed: Only part of a ReadProcessMemory or WriteProcessMemory request was completed. (0x12B)
[0907/190217.231:WARNING:pe_image_reader.cc(340)] could not read dos header from C:\Windows\System32\KERNEL32.DLL
[0907/190217.231:ERROR:process_memory_win.cc(73)] ReadMemory at 0x7fffdc960000 of 64 bytes failed: Only part of a ReadProcessMemory or WriteProcessMemory request was completed. (0x12B)
[0907/190217.231:WARNING:pe_image_reader.cc(340)] could not read dos header from C:\Windows\System32\KERNELBASE.dll
[0907/190217.231:ERROR:process_memory_win.cc(73)] ReadMemory at 0x7fffa5680000 of 64 bytes failed: Only part of a ReadProcessMemory or WriteProcessMemory request was completed. (0x12B)
[0907/190217.231:WARNING:pe_image_reader.cc(340)] could not read dos header from C:\Program Files (x86)\Microsoft\Edge\Application\85.0.564.44\msedge_elf.dll
[0907/190217.231:ERROR:process_memory_win.cc(73)] ReadMemory at 0x7fffdcf50000 of 64 bytes failed: Only part of a ReadProcessMemory or WriteProcessMemory request was completed. (0x12B)
[0907/190217.231:WARNING:pe_image_reader.cc(340)] could not read dos header from C:\Windows\System32\bcryptPrimitives.dll
[0907/190217.231:ERROR:process_memory_win.cc(73)] ReadMemory at 0x7fffdee90000 of 64 bytes failed: Only part of a ReadProcessMemory or WriteProcessMemory request was completed. (0x12B)
[0907/190217.231:WARNING:pe_image_reader.cc(340)] could not read dos header from C:\Windows\System32\ADVAPI32.dll
[0907/190217.231:ERROR:process_memory_win.cc(73)] ReadMemory at 0x7fffde230000 of 64 bytes failed: Only part of a ReadProcessMemory or WriteProcessMemory request was completed. (0x12B)
[0907/190217.231:WARNING:pe_image_reader.cc(340)] could not read dos header from C:\Windows\System32\msvcrt.dll
[0907/190217.231:ERROR:process_memory_win.cc(73)] ReadMemory at 0x7fffdef40000 of 64 bytes failed: Only part of a ReadProcessMemory or WriteProcessMemory request was completed. (0x12B)
[0907/190217.231:WARNING:pe_image_reader.cc(340)] could not read dos header from C:\Windows\System32\sechost.dll
[0907/190217.231:ERROR:process_memory_win.cc(73)] ReadMemory at 0x7fffde660000 of 64 bytes failed: Only part of a ReadProcessMemory or WriteProcessMemory request was completed. (0x12B)
[0907/190217.232:WARNING:pe_image_reader.cc(340)] could not read dos header from C:\Windows\System32\RPCRT4.dll
[0907/190217.232:ERROR:process_memory_win.cc(73)] ReadMemory at 0x7fff76a60000 of 64 bytes failed: Only part of a ReadProcessMemory or WriteProcessMemory request was completed. (0x12B)
[0907/190217.232:WARNING:pe_image_reader.cc(340)] could not read dos header from C:\Program Files (x86)\Microsoft\Edge\Application\85.0.564.44\msedge.dll
[0907/190217.232:ERROR:process_memory_win.cc(73)] ReadMemory at 0x7fffde5e0000 of 64 bytes failed: Only part of a ReadProcessMemory or WriteProcessMemory request was completed. (0x12B)
[0907/190217.232:WARNING:pe_image_reader.cc(340)] could not read dos header from C:\Windows\System32\WS2_32.dll
[0907/190217.232:ERROR:process_memory_win.cc(73)] ReadMemory at 0x7fffddb80000 of 64 bytes failed: Only part of a ReadProcessMemory or WriteProcessMemory request was completed. (0x12B)
[0907/190217.232:WARNING:pe_image_reader.cc(340)] could not read dos header from C:\Windows\System32\OLEAUT32.dll
[0907/190217.232:ERROR:process_memory_win.cc(73)] ReadMemory at 0x7fffdcc10000 of 64 bytes failed: Only part of a ReadProcessMemory or WriteProcessMemory request was completed. (0x12B)
[0907/190217.232:WARNING:pe_image_reader.cc(340)] could not read dos header from C:\Windows\System32\msvcp_win.dll
[0907/190217.232:ERROR:process_memory_win.cc(73)] ReadMemory at 0x7fffdcfd0000 of 64 bytes failed: Only part of a ReadProcessMemory or WriteProcessMemory request was completed. (0x12B)
[0907/190217.232:WARNING:pe_image_reader.cc(340)] could not read dos header from C:\Windows\System32\ucrtbase.dll
[0907/190217.232:ERROR:process_memory_win.cc(73)] ReadMemory at 0x7fffddc50000 of 64 bytes failed: Only part of a ReadProcessMemory or WriteProcessMemory request was completed. (0x12B)
[0907/190217.232:WARNING:pe_image_reader.cc(340)] could not read dos header from C:\Windows\System32\combase.dll
[0907/190217.232:ERROR:process_memory_win.cc(73)] ReadMemory at 0x7fffdc140000 of 64 bytes failed: Only part of a ReadProcessMemory or WriteProcessMemory request was completed. (0x12B)
[0907/190217.232:WARNING:pe_image_reader.cc(340)] could not read dos header from C:\Windows\System32\WINTRUST.dll
[0907/190217.232:ERROR:process_memory_win.cc(73)] ReadMemory at 0x7fffdbf80000 of 64 bytes failed: Only part of a ReadProcessMemory or WriteProcessMemory request was completed. (0x12B)
[0907/190217.232:WARNING:pe_image_reader.cc(340)] could not read dos header from C:\Windows\System32\MSASN1.dll
[0907/190217.232:ERROR:process_memory_win.cc(73)] ReadMemory at 0x7fffdbfd0000 of 64 bytes failed: Only part of a ReadProcessMemory or WriteProcessMemory request was completed. (0x12B)
[0907/190217.232:WARNING:pe_image_reader.cc(340)] could not read dos header from C:\Windows\System32\CRYPT32.dll
[0907/190217.232:ERROR:process_memory_win.cc(73)] ReadMemory at 0x7fffdb3e0000 of 64 bytes failed: Only part of a ReadProcessMemory or WriteProcessMemory request was completed. (0x12B)
[0907/190217.232:WARNING:pe_image_reader.cc(340)] could not read dos header from C:\Windows\SYSTEM32\IPHLPAPI.DLL
[0907/190217.232:ERROR:process_memory_win.cc(73)] ReadMemory at 0x7fffd99d0000 of 64 bytes failed: Only part of a ReadProcessMemory or WriteProcessMemory request was completed. (0x12B)
[0907/190217.233:WARNING:pe_image_reader.cc(340)] could not read dos header from C:\Windows\SYSTEM32\WINMM.dll
[0907/190217.233:ERROR:process_memory_win.cc(73)] ReadMemory at 0x7fffbe210000 of 64 bytes failed: Only part of a ReadProcessMemory or WriteProcessMemory request was completed. (0x12B)
[0907/190217.233:WARNING:pe_image_reader.cc(340)] could not read dos header from C:\Windows\SYSTEM32\UIAutomationCore.DLL
[0907/190217.233:ERROR:process_memory_win.cc(73)] ReadMemory at 0x7fffcbbb0000 of 64 bytes failed: Only part of a ReadProcessMemory or WriteProcessMemory request was completed. (0x12B)
[0907/190217.233:WARNING:pe_image_reader.cc(340)] could not read dos header from C:\Windows\SYSTEM32\Secur32.dll
[0907/190217.233:ERROR:process_memory_win.cc(73)] ReadMemory at 0x7fffdbdf0000 of 64 bytes failed: Only part of a ReadProcessMemory or WriteProcessMemory request was completed. (0x12B)
[0907/190217.233:WARNING:pe_image_reader.cc(340)] could not read dos header from C:\Windows\SYSTEM32\USERENV.dll
[0907/190217.233:ERROR:process_memory_win.cc(73)] ReadMemory at 0x7fffdbee0000 of 64 bytes failed: Only part of a ReadProcessMemory or WriteProcessMemory request was completed. (0x12B)
[0907/190217.233:WARNING:pe_image_reader.cc(340)] could not read dos header from C:\Windows\System32\profapi.dll
[0907/190217.233:ERROR:process_memory_win.cc(73)] ReadMemory at 0x7fffcfb80000 of 64 bytes failed: Only part of a ReadProcessMemory or WriteProcessMemory request was completed. (0x12B)
[0907/190217.233:WARNING:pe_image_reader.cc(340)] could not read dos header from C:\Windows\SYSTEM32\WINHTTP.dll
[0907/190217.233:ERROR:process_memory_win.cc(73)] ReadMemory at 0x7fffcca30000 of 64 bytes failed: Only part of a ReadProcessMemory or WriteProcessMemory request was completed. (0x12B)
[0907/190217.233:WARNING:pe_image_reader.cc(340)] could not read dos header from C:\Windows\SYSTEM32\DWrite.dll
[0907/190217.233:ERROR:process_memory_win.cc(73)] ReadMemory at 0x7fffc5620000 of 64 bytes failed: Only part of a ReadProcessMemory or WriteProcessMemory request was completed. (0x12B)
[0907/190217.233:WARNING:pe_image_reader.cc(340)] could not read dos header from C:\Windows\SYSTEM32\WINSPOOL.DRV
[0907/190217.233:ERROR:process_memory_win.cc(73)] ReadMemory at 0x7fffdbf60000 of 64 bytes failed: Only part of a ReadProcessMemory or WriteProcessMemory request was completed. (0x12B)
[0907/190217.233:WARNING:pe_image_reader.cc(340)] could not read dos header from C:\Windows\System32\kernel.appcore.dll
[0907/190217.233:ERROR:process_memory_win.cc(73)] ReadMemory at 0x7fffdbfa0000 of 64 bytes failed: Only part of a ReadProcessMemory or WriteProcessMemory request was completed. (0x12B)
[0907/190217.233:WARNING:pe_image_reader.cc(340)] could not read dos header from C:\Windows\System32\bcrypt.dll
[0907/190217.233:ERROR:process_memory_win.cc(73)] ReadMemory at 0x7fffcbc10000 of 64 bytes failed: Only part of a ReadProcessMemory or WriteProcessMemory request was completed. (0x12B)
[0907/190217.233:WARNING:pe_image_reader.cc(340)] could not read dos header from C:\Windows\SYSTEM32\dbghelp.dll
[0907/190217.233:ERROR:process_memory_win.cc(73)] ReadMemory at 0x7fffdb9a0000 of 64 bytes failed: Only part of a ReadProcessMemory or WriteProcessMemory request was completed. (0x12B)
[0907/190217.233:WARNING:pe_image_reader.cc(340)] could not read dos header from C:\Windows\SYSTEM32\ncrypt.dll
[0907/190217.233:ERROR:process_memory_win.cc(73)] ReadMemory at 0x7fffd3e00000 of 64 bytes failed: Only part of a ReadProcessMemory or WriteProcessMemory request was completed. (0x12B)
[0907/190217.233:WARNING:pe_image_reader.cc(340)] could not read dos header from C:\Windows\SYSTEM32\dhcpcsvc.DLL
[0907/190217.234:ERROR:process_memory_win.cc(73)] ReadMemory at 0x7fffdeda0000 of 64 bytes failed: Only part of a ReadProcessMemory or WriteProcessMemory request was completed. (0x12B)
[0907/190217.234:WARNING:pe_image_reader.cc(340)] could not read dos header from C:\Windows\System32\NSI.dll
[0907/190217.234:ERROR:process_memory_win.cc(73)] ReadMemory at 0x7fffd99a0000 of 64 bytes failed: Only part of a ReadProcessMemory or WriteProcessMemory request was completed. (0x12B)
[0907/190217.234:WARNING:pe_image_reader.cc(340)] could not read dos header from C:\Windows\SYSTEM32\WINMMBASE.dll
[0907/190217.234:ERROR:process_memory_win.cc(73)] ReadMemory at 0x7fffdcd60000 of 64 bytes failed: Only part of a ReadProcessMemory or WriteProcessMemory request was completed. (0x12B)
[0907/190217.234:WARNING:pe_image_reader.cc(340)] could not read dos header from C:\Windows\System32\cfgmgr32.dll
[0907/190217.234:ERROR:process_memory_win.cc(73)] ReadMemory at 0x7fffd8120000 of 64 bytes failed: Only part of a ReadProcessMemory or WriteProcessMemory request was completed. (0x12B)
[0907/190217.234:WARNING:pe_image_reader.cc(340)] could not read dos header from C:\Windows\SYSTEM32\PROPSYS.dll
[0907/190217.234:ERROR:process_memory_win.cc(73)] ReadMemory at 0x7fffde780000 of 64 bytes failed: Only part of a ReadProcessMemory or WriteProcessMemory request was completed. (0x12B)
[0907/190217.234:WARNING:pe_image_reader.cc(340)] could not read dos header from C:\Windows\System32\shcore.dll
[0907/190217.234:ERROR:process_memory_win.cc(73)] ReadMemory at 0x7fffdb960000 of 64 bytes failed: Only part of a ReadProcessMemory or WriteProcessMemory request was completed. (0x12B)
[0907/190217.234:WARNING:pe_image_reader.cc(340)] could not read dos header from C:\Windows\SYSTEM32\NTASN1.dll
[0907/190217.234:ERROR:process_memory_win.cc(73)] ReadMemory at 0x7fffdbdc0000 of 64 bytes failed: Only part of a ReadProcessMemory or WriteProcessMemory request was completed. (0x12B)
[0907/190217.234:WARNING:pe_image_reader.cc(340)] could not read dos header from C:\Windows\SYSTEM32\SSPICLI.DLL
[0907/190217.234:ERROR:process_memory_win.cc(73)] ReadMemory at 0x7fffdb8a0000 of 64 bytes failed: Only part of a ReadProcessMemory or WriteProcessMemory request was completed. (0x12B)
[0907/190217.234:WARNING:pe_image_reader.cc(340)] could not read dos header from C:\Windows\SYSTEM32\CRYPTBASE.DLL
[0907/190217.238:ERROR:process_memory_win.cc(73)] ReadMemory at 0x7ff744360000 of 64 bytes failed: Only part of a ReadProcessMemory or WriteProcessMemory request was completed. (0x12B)
[0907/190217.238:WARNING:pe_image_reader.cc(340)] could not read dos header from C:\Program Files (x86)\Microsoft\Edge\Application\msedge.exe
[0907/190217.238:ERROR:process_memory_win.cc(73)] ReadMemory at 0x7fffdf020000 of 64 bytes failed: Only part of a ReadProcessMemory or WriteProcessMemory request was completed. (0x12B)
[0907/190217.238:WARNING:pe_image_reader.cc(340)] could not read dos header from C:\Windows\SYSTEM32\ntdll.dll
[0907/190217.238:ERROR:process_memory_win.cc(73)] ReadMemory at 0x7fffde370000 of 64 bytes failed: Only part of a ReadProcessMemory or WriteProcessMemory request was completed. (0x12B)
[0907/190217.239:WARNING:pe_image_reader.cc(340)] could not read dos header from C:\Windows\System32\KERNEL32.DLL
[0907/190217.239:ERROR:process_memory_win.cc(73)] ReadMemory at 0x7fffdc960000 of 64 bytes failed: Only part of a ReadProcessMemory or WriteProcessMemory request was completed. (0x12B)
[0907/190217.239:WARNING:pe_image_reader.cc(340)] could not read dos header from C:\Windows\System32\KERNELBASE.dll
[0907/190217.239:ERROR:process_memory_win.cc(73)] ReadMemory at 0x7fffa5680000 of 64 bytes failed: Only part of a ReadProcessMemory or WriteProcessMemory request was completed. (0x12B)
[0907/190217.239:WARNING:pe_image_reader.cc(340)] could not read dos header from C:\Program Files (x86)\Microsoft\Edge\Application\85.0.564.44\msedge_elf.dll
[0907/190217.239:ERROR:process_memory_win.cc(73)] ReadMemory at 0x7fffdcf50000 of 64 bytes failed: Only part of a ReadProcessMemory or WriteProcessMemory request was completed. (0x12B)
[0907/190217.239:WARNING:pe_image_reader.cc(340)] could not read dos header from C:\Windows\System32\bcryptPrimitives.dll
[0907/190217.239:ERROR:process_memory_win.cc(73)] ReadMemory at 0x7fffdee90000 of 64 bytes failed: Only part of a ReadProcessMemory or WriteProcessMemory request was completed. (0x12B)
[0907/190217.239:WARNING:pe_image_reader.cc(340)] could not read dos header from C:\Windows\System32\ADVAPI32.dll
[0907/190217.239:ERROR:process_memory_win.cc(73)] ReadMemory at 0x7fffde230000 of 64 bytes failed: Only part of a ReadProcessMemory or WriteProcessMemory request was completed. (0x12B)
[0907/190217.239:WARNING:pe_image_reader.cc(340)] could not read dos header from C:\Windows\System32\msvcrt.dll
[0907/190217.239:ERROR:process_memory_win.cc(73)] ReadMemory at 0x7fffdef40000 of 64 bytes failed: Only part of a ReadProcessMemory or WriteProcessMemory request was completed. (0x12B)
[0907/190217.239:WARNING:pe_image_reader.cc(340)] could not read dos header from C:\Windows\System32\sechost.dll
[0907/190217.239:ERROR:process_memory_win.cc(73)] ReadMemory at 0x7fffde660000 of 64 bytes failed: Only part of a ReadProcessMemory or WriteProcessMemory request was completed. (0x12B)
[0907/190217.239:WARNING:pe_image_reader.cc(340)] could not read dos header from C:\Windows\System32\RPCRT4.dll
[0907/190217.239:ERROR:process_memory_win.cc(73)] ReadMemory at 0x7fff76a60000 of 64 bytes failed: Only part of a ReadProcessMemory or WriteProcessMemory request was completed. (0x12B)
[0907/190217.239:WARNING:pe_image_reader.cc(340)] could not read dos header from C:\Program Files (x86)\Microsoft\Edge\Application\85.0.564.44\msedge.dll
[0907/190217.239:ERROR:process_memory_win.cc(73)] ReadMemory at 0x7fffde5e0000 of 64 bytes failed: Only part of a ReadProcessMemory or WriteProcessMemory request was completed. (0x12B)
[0907/190217.240:WARNING:pe_image_reader.cc(340)] could not read dos header from C:\Windows\System32\WS2_32.dll
[0907/190217.240:ERROR:process_memory_win.cc(73)] ReadMemory at 0x7fffddb80000 of 64 bytes failed: Only part of a ReadProcessMemory or WriteProcessMemory request was completed. (0x12B)
[0907/190217.240:WARNING:pe_image_reader.cc(340)] could not read dos header from C:\Windows\System32\OLEAUT32.dll
[0907/190217.240:ERROR:process_memory_win.cc(73)] ReadMemory at 0x7fffdcc10000 of 64 bytes failed: Only part of a ReadProcessMemory or WriteProcessMemory request was completed. (0x12B)
[0907/190217.240:WARNING:pe_image_reader.cc(340)] could not read dos header from C:\Windows\System32\msvcp_win.dll
[0907/190217.240:ERROR:process_memory_win.cc(73)] ReadMemory at 0x7fffdcfd0000 of 64 bytes failed: Only part of a ReadProcessMemory or WriteProcessMemory request was completed. (0x12B)
[0907/190217.240:WARNING:pe_image_reader.cc(340)] could not read dos header from C:\Windows\System32\ucrtbase.dll
[0907/190217.240:ERROR:process_memory_win.cc(73)] ReadMemory at 0x7fffddc50000 of 64 bytes failed: Only part of a ReadProcessMemory or WriteProcessMemory request was completed. (0x12B)
[0907/190217.240:WARNING:pe_image_reader.cc(340)] could not read dos header from C:\Windows\System32\combase.dll
[0907/190217.240:ERROR:process_memory_win.cc(73)] ReadMemory at 0x7fffdc140000 of 64 bytes failed: Only part of a ReadProcessMemory or WriteProcessMemory request was completed. (0x12B)
[0907/190217.240:WARNING:pe_image_reader.cc(340)] could not read dos header from C:\Windows\System32\WINTRUST.dll
[0907/190217.240:ERROR:process_memory_win.cc(73)] ReadMemory at 0x7fffdbf80000 of 64 bytes failed: Only part of a ReadProcessMemory or WriteProcessMemory request was completed. (0x12B)
[0907/190217.240:WARNING:pe_image_reader.cc(340)] could not read dos header from C:\Windows\System32\MSASN1.dll
[0907/190217.240:ERROR:process_memory_win.cc(73)] ReadMemory at 0x7fffdbfd0000 of 64 bytes failed: Only part of a ReadProcessMemory or WriteProcessMemory request was completed. (0x12B)
[0907/190217.240:WARNING:pe_image_reader.cc(340)] could not read dos header from C:\Windows\System32\CRYPT32.dll
[0907/190217.240:ERROR:process_memory_win.cc(73)] ReadMemory at 0x7fffdb3e0000 of 64 bytes failed: Only part of a ReadProcessMemory or WriteProcessMemory request was completed. (0x12B)
[0907/190217.240:WARNING:pe_image_reader.cc(340)] could not read dos header from C:\Windows\SYSTEM32\IPHLPAPI.DLL
[0907/190217.240:ERROR:process_memory_win.cc(73)] ReadMemory at 0x7fffd99d0000 of 64 bytes failed: Only part of a ReadProcessMemory or WriteProcessMemory request was completed. (0x12B)
[0907/190217.240:WARNING:pe_image_reader.cc(340)] could not read dos header from C:\Windows\SYSTEM32\WINMM.dll
[0907/190217.240:ERROR:process_memory_win.cc(73)] ReadMemory at 0x7fffbe210000 of 64 bytes failed: Only part of a ReadProcessMemory or WriteProcessMemory request was completed. (0x12B)
[0907/190217.240:WARNING:pe_image_reader.cc(340)] could not read dos header from C:\Windows\SYSTEM32\UIAutomationCore.DLL
[0907/190217.241:ERROR:process_memory_win.cc(73)] ReadMemory at 0x7fffcbbb0000 of 64 bytes failed: Only part of a ReadProcessMemory or WriteProcessMemory request was completed. (0x12B)
[0907/190217.241:WARNING:pe_image_reader.cc(340)] could not read dos header from C:\Windows\SYSTEM32\Secur32.dll
[0907/190217.241:ERROR:process_memory_win.cc(73)] ReadMemory at 0x7fffdbdf0000 of 64 bytes failed: Only part of a ReadProcessMemory or WriteProcessMemory request was completed. (0x12B)
[0907/190217.241:WARNING:pe_image_reader.cc(340)] could not read dos header from C:\Windows\SYSTEM32\USERENV.dll
[0907/190217.241:ERROR:process_memory_win.cc(73)] ReadMemory at 0x7fffdbee0000 of 64 bytes failed: Only part of a ReadProcessMemory or WriteProcessMemory request was completed. (0x12B)
[0907/190217.241:WARNING:pe_image_reader.cc(340)] could not read dos header from C:\Windows\System32\profapi.dll
[0907/190217.241:ERROR:process_memory_win.cc(73)] ReadMemory at 0x7fffcfb80000 of 64 bytes failed: Only part of a ReadProcessMemory or WriteProcessMemory request was completed. (0x12B)
[0907/190217.241:WARNING:pe_image_reader.cc(340)] could not read dos header from C:\Windows\SYSTEM32\WINHTTP.dll
[0907/190217.241:ERROR:process_memory_win.cc(73)] ReadMemory at 0x7fffcca30000 of 64 bytes failed: Only part of a ReadProcessMemory or WriteProcessMemory request was completed. (0x12B)
[0907/190217.241:WARNING:pe_image_reader.cc(340)] could not read dos header from C:\Windows\SYSTEM32\DWrite.dll
[0907/190217.241:ERROR:process_memory_win.cc(73)] ReadMemory at 0x7fffc5620000 of 64 bytes failed: Only part of a ReadProcessMemory or WriteProcessMemory request was completed. (0x12B)
[0907/190217.241:WARNING:pe_image_reader.cc(340)] could not read dos header from C:\Windows\SYSTEM32\WINSPOOL.DRV
[0907/190217.241:ERROR:process_memory_win.cc(73)] ReadMemory at 0x7fffdbf60000 of 64 bytes failed: Only part of a ReadProcessMemory or WriteProcessMemory request was completed. (0x12B)
[0907/190217.241:WARNING:pe_image_reader.cc(340)] could not read dos header from C:\Windows\System32\kernel.appcore.dll
[0907/190217.241:ERROR:process_memory_win.cc(73)] ReadMemory at 0x7fffdbfa0000 of 64 bytes failed: Only part of a ReadProcessMemory or WriteProcessMemory request was completed. (0x12B)
[0907/190217.241:WARNING:pe_image_reader.cc(340)] could not read dos header from C:\Windows\System32\bcrypt.dll
[0907/190217.241:ERROR:process_memory_win.cc(73)] ReadMemory at 0x7fffcbc10000 of 64 bytes failed: Only part of a ReadProcessMemory or WriteProcessMemory request was completed. (0x12B)
[0907/190217.241:WARNING:pe_image_reader.cc(340)] could not read dos header from C:\Windows\SYSTEM32\dbghelp.dll
[0907/190217.241:ERROR:process_memory_win.cc(73)] ReadMemory at 0x7fffdb9a0000 of 64 bytes failed: Only part of a ReadProcessMemory or WriteProcessMemory request was completed. (0x12B)
[0907/190217.241:WARNING:pe_image_reader.cc(340)] could not read dos header from C:\Windows\SYSTEM32\ncrypt.dll
[0907/190217.242:ERROR:process_memory_win.cc(73)] ReadMemory at 0x7fffd3e00000 of 64 bytes failed: Only part of a ReadProcessMemory or WriteProcessMemory request was completed. (0x12B)
[0907/190217.242:WARNING:pe_image_reader.cc(340)] could not read dos header from C:\Windows\SYSTEM32\dhcpcsvc.DLL
[0907/190217.242:ERROR:process_memory_win.cc(73)] ReadMemory at 0x7fffdeda0000 of 64 bytes failed: Only part of a ReadProcessMemory or WriteProcessMemory request was completed. (0x12B)
[0907/190217.242:WARNING:pe_image_reader.cc(340)] could not read dos header from C:\Windows\System32\NSI.dll
[0907/190217.242:ERROR:process_memory_win.cc(73)] ReadMemory at 0x7fffd99a0000 of 64 bytes failed: Only part of a ReadProcessMemory or WriteProcessMemory request was completed. (0x12B)
[0907/190217.242:WARNING:pe_image_reader.cc(340)] could not read dos header from C:\Windows\SYSTEM32\WINMMBASE.dll
[0907/190217.242:ERROR:process_memory_win.cc(73)] ReadMemory at 0x7fffdcd60000 of 64 bytes failed: Only part of a ReadProcessMemory or WriteProcessMemory request was completed. (0x12B)
[0907/190217.242:WARNING:pe_image_reader.cc(340)] could not read dos header from C:\Windows\System32\cfgmgr32.dll
[0907/190217.242:ERROR:process_memory_win.cc(73)] ReadMemory at 0x7fffd8120000 of 64 bytes failed: Only part of a ReadProcessMemory or WriteProcessMemory request was completed. (0x12B)
[0907/190217.242:WARNING:pe_image_reader.cc(340)] could not read dos header from C:\Windows\SYSTEM32\PROPSYS.dll
[0907/190217.242:ERROR:process_memory_win.cc(73)] ReadMemory at 0x7fffde780000 of 64 bytes failed: Only part of a ReadProcessMemory or WriteProcessMemory request was completed. (0x12B)
[0907/190217.242:WARNING:pe_image_reader.cc(340)] could not read dos header from C:\Windows\System32\shcore.dll
[0907/190217.242:ERROR:process_memory_win.cc(73)] ReadMemory at 0x7fffdb960000 of 64 bytes failed: Only part of a ReadProcessMemory or WriteProcessMemory request was completed. (0x12B)
[0907/190217.242:WARNING:pe_image_reader.cc(340)] could not read dos header from C:\Windows\SYSTEM32\NTASN1.dll
[0907/190217.242:ERROR:process_memory_win.cc(73)] ReadMemory at 0x7fffdbdc0000 of 64 bytes failed: Only part of a ReadProcessMemory or WriteProcessMemory request was completed. (0x12B)
[0907/190217.242:WARNING:pe_image_reader.cc(340)] could not read dos header from C:\Windows\SYSTEM32\SSPICLI.DLL
[0907/190217.242:ERROR:process_memory_win.cc(73)] ReadMemory at 0x7fffdb8a0000 of 64 bytes failed: Only part of a ReadProcessMemory or WriteProcessMemory request was completed. (0x12B)
[0907/190217.242:WARNING:pe_image_reader.cc(340)] could not read dos header from C:\Windows\SYSTEM32\CRYPTBASE.DLL
[0907/190217.242:ERROR:process_memory_win.cc(73)] ReadMemory at 0x7ff744360000 of 64 bytes failed: Only part of a ReadProcessMemory or WriteProcessMemory request was completed. (0x12B)
[0907/190217.243:WARNING:pe_image_reader.cc(340)] could not read dos header from C:\Program Files (x86)\Microsoft\Edge\Application\msedge.exe
[0907/190217.243:ERROR:process_memory_win.cc(73)] ReadMemory at 0x7fffdf020000 of 64 bytes failed: Only part of a ReadProcessMemory or WriteProcessMemory request was completed. (0x12B)
[0907/190217.243:WARNING:pe_image_reader.cc(340)] could not read dos header from C:\Windows\SYSTEM32\ntdll.dll
[0907/190217.243:ERROR:process_memory_win.cc(73)] ReadMemory at 0x7fffde370000 of 64 bytes failed: Only part of a ReadProcessMemory or WriteProcessMemory request was completed. (0x12B)
[0907/190217.243:WARNING:pe_image_reader.cc(340)] could not read dos header from C:\Windows\System32\KERNEL32.DLL
[0907/190217.243:ERROR:process_memory_win.cc(73)] ReadMemory at 0x7fffdc960000 of 64 bytes failed: Only part of a ReadProcessMemory or WriteProcessMemory request was completed. (0x12B)
[0907/190217.243:WARNING:pe_image_reader.cc(340)] could not read dos header from C:\Windows\System32\KERNELBASE.dll
[0907/190217.243:ERROR:process_memory_win.cc(73)] ReadMemory at 0x7fffa5680000 of 64 bytes failed: Only part of a ReadProcessMemory or WriteProcessMemory request was completed. (0x12B)
[0907/190217.243:WARNING:pe_image_reader.cc(340)] could not read dos header from C:\Program Files (x86)\Microsoft\Edge\Application\85.0.564.44\msedge_elf.dll
[0907/190217.243:ERROR:process_memory_win.cc(73)] ReadMemory at 0x7fffdcf50000 of 64 bytes failed: Only part of a ReadProcessMemory or WriteProcessMemory request was completed. (0x12B)
[0907/190217.243:WARNING:pe_image_reader.cc(340)] could not read dos header from C:\Windows\System32\bcryptPrimitives.dll
[0907/190217.243:ERROR:process_memory_win.cc(73)] ReadMemory at 0x7fffdee90000 of 64 bytes failed: Only part of a ReadProcessMemory or WriteProcessMemory request was completed. (0x12B)
[0907/190217.243:WARNING:pe_image_reader.cc(340)] could not read dos header from C:\Windows\System32\ADVAPI32.dll
[0907/190217.243:ERROR:process_memory_win.cc(73)] ReadMemory at 0x7fffde230000 of 64 bytes failed: Only part of a ReadProcessMemory or WriteProcessMemory request was completed. (0x12B)
[0907/190217.243:WARNING:pe_image_reader.cc(340)] could not read dos header from C:\Windows\System32\msvcrt.dll
[0907/190217.243:ERROR:process_memory_win.cc(73)] ReadMemory at 0x7fffdef40000 of 64 bytes failed: Only part of a ReadProcessMemory or WriteProcessMemory request was completed. (0x12B)
[0907/190217.243:WARNING:pe_image_reader.cc(340)] could not read dos header from C:\Windows\System32\sechost.dll
[0907/190217.243:ERROR:process_memory_win.cc(73)] ReadMemory at 0x7fffde660000 of 64 bytes failed: Only part of a ReadProcessMemory or WriteProcessMemory request was completed. (0x12B)
[0907/190217.243:WARNING:pe_image_reader.cc(340)] could not read dos header from C:\Windows\System32\RPCRT4.dll
[0907/190217.243:ERROR:process_memory_win.cc(73)] ReadMemory at 0x7fff76a60000 of 64 bytes failed: Only part of a ReadProcessMemory or WriteProcessMemory request was completed. (0x12B)
[0907/190217.243:WARNING:pe_image_reader.cc(340)] could not read dos header from C:\Program Files (x86)\Microsoft\Edge\Application\85.0.564.44\msedge.dll
[0907/190217.243:ERROR:process_memory_win.cc(73)] ReadMemory at 0x7fffde5e0000 of 64 bytes failed: Only part of a ReadProcessMemory or WriteProcessMemory request was completed. (0x12B)
[0907/190217.243:WARNING:pe_image_reader.cc(340)] could not read dos header from C:\Windows\System32\WS2_32.dll
[0907/190217.244:ERROR:process_memory_win.cc(73)] ReadMemory at 0x7fffddb80000 of 64 bytes failed: Only part of a ReadProcessMemory or WriteProcessMemory request was completed. (0x12B)
[0907/190217.244:WARNING:pe_image_reader.cc(340)] could not read dos header from C:\Windows\System32\OLEAUT32.dll
[0907/190217.244:ERROR:process_memory_win.cc(73)] ReadMemory at 0x7fffdcc10000 of 64 bytes failed: Only part of a ReadProcessMemory or WriteProcessMemory request was completed. (0x12B)
[0907/190217.244:WARNING:pe_image_reader.cc(340)] could not read dos header from C:\Windows\System32\msvcp_win.dll
[0907/190217.244:ERROR:process_memory_win.cc(73)] ReadMemory at 0x7fffdcfd0000 of 64 bytes failed: Only part of a ReadProcessMemory or WriteProcessMemory request was completed. (0x12B)
[0907/190217.244:WARNING:pe_image_reader.cc(340)] could not read dos header from C:\Windows\System32\ucrtbase.dll
[0907/190217.244:ERROR:process_memory_win.cc(73)] ReadMemory at 0x7fffddc50000 of 64 bytes failed: Only part of a ReadProcessMemory or WriteProcessMemory request was completed. (0x12B)
[0907/190217.244:WARNING:pe_image_reader.cc(340)] could not read dos header from C:\Windows\System32\combase.dll
[0907/190217.244:ERROR:process_memory_win.cc(73)] ReadMemory at 0x7fffdc140000 of 64 bytes failed: Only part of a ReadProcessMemory or WriteProcessMemory request was completed. (0x12B)
[0907/190217.244:WARNING:pe_image_reader.cc(340)] could not read dos header from C:\Windows\System32\WINTRUST.dll
[0907/190217.244:ERROR:process_memory_win.cc(73)] ReadMemory at 0x7fffdbf80000 of 64 bytes failed: Only part of a ReadProcessMemory or WriteProcessMemory request was completed. (0x12B)
[0907/190217.244:WARNING:pe_image_reader.cc(340)] could not read dos header from C:\Windows\System32\MSASN1.dll
[0907/190217.244:ERROR:process_memory_win.cc(73)] ReadMemory at 0x7fffdbfd0000 of 64 bytes failed: Only part of a ReadProcessMemory or WriteProcessMemory request was completed. (0x12B)
[0907/190217.244:WARNING:pe_image_reader.cc(340)] could not read dos header from C:\Windows\System32\CRYPT32.dll
[0907/190217.244:ERROR:process_memory_win.cc(73)] ReadMemory at 0x7fffdb3e0000 of 64 bytes failed: Only part of a ReadProcessMemory or WriteProcessMemory request was completed. (0x12B)
[0907/190217.244:WARNING:pe_image_reader.cc(340)] could not read dos header from C:\Windows\SYSTEM32\IPHLPAPI.DLL
[0907/190217.244:ERROR:process_memory_win.cc(73)] ReadMemory at 0x7fffd99d0000 of 64 bytes failed: Only part of a ReadProcessMemory or WriteProcessMemory request was completed. (0x12B)
[0907/190217.244:WARNING:pe_image_reader.cc(340)] could not read dos header from C:\Windows\SYSTEM32\WINMM.dll
[0907/190217.244:ERROR:process_memory_win.cc(73)] ReadMemory at 0x7fffbe210000 of 64 bytes failed: Only part of a ReadProcessMemory or WriteProcessMemory request was completed. (0x12B)
[0907/190217.244:WARNING:pe_image_reader.cc(340)] could not read dos header from C:\Windows\SYSTEM32\UIAutomationCore.DLL
[0907/190217.244:ERROR:process_memory_win.cc(73)] ReadMemory at 0x7fffcbbb0000 of 64 bytes failed: Only part of a ReadProcessMemory or WriteProcessMemory request was completed. (0x12B)
[0907/190217.244:WARNING:pe_image_reader.cc(340)] could not read dos header from C:\Windows\SYSTEM32\Secur32.dll
[0907/190217.244:ERROR:process_memory_win.cc(73)] ReadMemory at 0x7fffdbdf0000 of 64 bytes failed: Only part of a ReadProcessMemory or WriteProcessMemory request was completed. (0x12B)
[0907/190217.244:WARNING:pe_image_reader.cc(340)] could not read dos header from C:\Windows\SYSTEM32\USERENV.dll
[0907/190217.245:ERROR:process_memory_win.cc(73)] ReadMemory at 0x7fffdbee0000 of 64 bytes failed: Only part of a ReadProcessMemory or WriteProcessMemory request was completed. (0x12B)
[0907/190217.245:WARNING:pe_image_reader.cc(340)] could not read dos header from C:\Windows\System32\profapi.dll
[0907/190217.245:ERROR:process_memory_win.cc(73)] ReadMemory at 0x7fffcfb80000 of 64 bytes failed: Only part of a ReadProcessMemory or WriteProcessMemory request was completed. (0x12B)
[0907/190217.245:WARNING:pe_image_reader.cc(340)] could not read dos header from C:\Windows\SYSTEM32\WINHTTP.dll
[0907/190217.245:ERROR:process_memory_win.cc(73)] ReadMemory at 0x7fffcca30000 of 64 bytes failed: Only part of a ReadProcessMemory or WriteProcessMemory request was completed. (0x12B)
[0907/190217.245:WARNING:pe_image_reader.cc(340)] could not read dos header from C:\Windows\SYSTEM32\DWrite.dll
[0907/190217.245:ERROR:process_memory_win.cc(73)] ReadMemory at 0x7fffc5620000 of 64 bytes failed: Only part of a ReadProcessMemory or WriteProcessMemory request was completed. (0x12B)
[0907/190217.245:WARNING:pe_image_reader.cc(340)] could not read dos header from C:\Windows\SYSTEM32\WINSPOOL.DRV
[0907/190217.245:ERROR:process_memory_win.cc(73)] ReadMemory at 0x7fffdbf60000 of 64 bytes failed: Only part of a ReadProcessMemory or WriteProcessMemory request was completed. (0x12B)
[0907/190217.245:WARNING:pe_image_reader.cc(340)] could not read dos header from C:\Windows\System32\kernel.appcore.dll
[0907/190217.245:ERROR:process_memory_win.cc(73)] ReadMemory at 0x7fffdbfa0000 of 64 bytes failed: Only part of a ReadProcessMemory or WriteProcessMemory request was completed. (0x12B)
[0907/190217.245:WARNING:pe_image_reader.cc(340)] could not read dos header from C:\Windows\System32\bcrypt.dll
[0907/190217.245:ERROR:process_memory_win.cc(73)] ReadMemory at 0x7fffcbc10000 of 64 bytes failed: Only part of a ReadProcessMemory or WriteProcessMemory request was completed. (0x12B)
[0907/190217.245:WARNING:pe_image_reader.cc(340)] could not read dos header from C:\Windows\SYSTEM32\dbghelp.dll
[0907/190217.245:ERROR:process_memory_win.cc(73)] ReadMemory at 0x7fffdb9a0000 of 64 bytes failed: Only part of a ReadProcessMemory or WriteProcessMemory request was completed. (0x12B)
[0907/190217.245:WARNING:pe_image_reader.cc(340)] could not read dos header from C:\Windows\SYSTEM32\ncrypt.dll
[0907/190217.245:ERROR:process_memory_win.cc(73)] ReadMemory at 0x7fffd3e00000 of 64 bytes failed: Only part of a ReadProcessMemory or WriteProcessMemory request was completed. (0x12B)
[0907/190217.245:WARNING:pe_image_reader.cc(340)] could not read dos header from C:\Windows\SYSTEM32\dhcpcsvc.DLL
[0907/190217.245:ERROR:process_memory_win.cc(73)] ReadMemory at 0x7fffdeda0000 of 64 bytes failed: Only part of a ReadProcessMemory or WriteProcessMemory request was completed. (0x12B)
[0907/190217.245:WARNING:pe_image_reader.cc(340)] could not read dos header from C:\Windows\System32\NSI.dll
[0907/190217.245:ERROR:process_memory_win.cc(73)] ReadMemory at 0x7fffd99a0000 of 64 bytes failed: Only part of a ReadProcessMemory or WriteProcessMemory request was completed. (0x12B)
[0907/190217.245:WARNING:pe_image_reader.cc(340)] could not read dos header from C:\Windows\SYSTEM32\WINMMBASE.dll
[0907/190217.245:ERROR:process_memory_win.cc(73)] ReadMemory at 0x7fffdcd60000 of 64 bytes failed: Only part of a ReadProcessMemory or WriteProcessMemory request was completed. (0x12B)
[0907/190217.245:WARNING:pe_image_reader.cc(340)] could not read dos header from C:\Windows\System32\cfgmgr32.dll
[0907/190217.245:ERROR:process_memory_win.cc(73)] ReadMemory at 0x7fffd8120000 of 64 bytes failed: Only part of a ReadProcessMemory or WriteProcessMemory request was completed. (0x12B)
[0907/190217.245:WARNING:pe_image_reader.cc(340)] could not read dos header from C:\Windows\SYSTEM32\PROPSYS.dll
[0907/190217.245:ERROR:process_memory_win.cc(73)] ReadMemory at 0x7fffde780000 of 64 bytes failed: Only part of a ReadProcessMemory or WriteProcessMemory request was completed. (0x12B)
[0907/190217.245:WARNING:pe_image_reader.cc(340)] could not read dos header from C:\Windows\System32\shcore.dll
[0907/190217.245:ERROR:process_memory_win.cc(73)] ReadMemory at 0x7fffdb960000 of 64 bytes failed: Only part of a ReadProcessMemory or WriteProcessMemory request was completed. (0x12B)
[0907/190217.245:WARNING:pe_image_reader.cc(340)] could not read dos header from C:\Windows\SYSTEM32\NTASN1.dll
[0907/190217.245:ERROR:process_memory_win.cc(73)] ReadMemory at 0x7fffdbdc0000 of 64 bytes failed: Only part of a ReadProcessMemory or WriteProcessMemory request was completed. (0x12B)
[0907/190217.245:WARNING:pe_image_reader.cc(340)] could not read dos header from C:\Windows\SYSTEM32\SSPICLI.DLL
[0907/190217.245:ERROR:process_memory_win.cc(73)] ReadMemory at 0x7fffdb8a0000 of 64 bytes failed: Only part of a ReadProcessMemory or WriteProcessMemory request was completed. (0x12B)
[0907/190217.246:WARNING:pe_image_reader.cc(340)] could not read dos header from C:\Windows\SYSTEM32\CRYPTBASE.DLL
[0907/190217.256:ERROR:process_memory_win.cc(73)] ReadMemory at 0xaef55d8000 of 163840 bytes failed: Only part of a ReadProcessMemory or WriteProcessMemory request was completed. (0x12B)
[0907/190217.256:ERROR:process_memory_win.cc(73)] ReadMemory at 0xaef5dfe000 of 8192 bytes failed: Only part of a ReadProcessMemory or WriteProcessMemory request was completed. (0x12B)
[0907/190217.256:ERROR:process_memory_win.cc(73)] ReadMemory at 0xaef65fd000 of 12288 bytes failed: Only part of a ReadProcessMemory or WriteProcessMemory request was completed. (0x12B)
[0907/190217.257:ERROR:process_memory_win.cc(73)] ReadMemory at 0xaef75fc000 of 16384 bytes failed: Only part of a ReadProcessMemory or WriteProcessMemory request was completed. (0x12B)
[0907/190217.257:ERROR:process_memory_win.cc(73)] ReadMemory at 0xaef7dfc000 of 16384 bytes failed: Only part of a ReadProcessMemory or WriteProcessMemory request was completed. (0x12B)
[0907/190217.257:ERROR:process_memory_win.cc(73)] ReadMemory at 0xaef85fd000 of 12288 bytes failed: Only part of a ReadProcessMemory or WriteProcessMemory request was completed. (0x12B)
[0907/190217.257:ERROR:process_memory_win.cc(73)] ReadMemory at 0xaef8dfc000 of 16384 bytes failed: Only part of a ReadProcessMemory or WriteProcessMemory request was completed. (0x12B)
[0907/190217.257:ERROR:process_memory_win.cc(73)] ReadMemory at 0xaef9dfd000 of 12288 bytes failed: Only part of a ReadProcessMemory or WriteProcessMemory request was completed. (0x12B)
[0907/190217.257:ERROR:process_memory_win.cc(73)] ReadMemory at 0xaefa5f5000 of 45056 bytes failed: Only part of a ReadProcessMemory or WriteProcessMemory request was completed. (0x12B)
[0907/190217.257:ERROR:process_memory_win.cc(73)] ReadMemory at 0xaefadf7000 of 36864 bytes failed: Only part of a ReadProcessMemory or WriteProcessMemory request was completed. (0x12B)
[0907/190217.257:ERROR:process_memory_win.cc(73)] ReadMemory at 0xaefb5fd000 of 12288 bytes failed: Only part of a ReadProcessMemory or WriteProcessMemory request was completed. (0x12B)
[0907/190217.257:ERROR:process_memory_win.cc(73)] ReadMemory at 0xaefbdfd000 of 12288 bytes failed: Only part of a ReadProcessMemory or WriteProcessMemory request was completed. (0x12B)
[0907/190217.257:ERROR:process_memory_win.cc(73)] ReadMemory at 0xaefcdfd000 of 12288 bytes failed: Only part of a ReadProcessMemory or WriteProcessMemory request was completed. (0x12B)
[0907/190217.257:ERROR:process_memory_win.cc(73)] ReadMemory at 0xaef6dfd000 of 12288 bytes failed: Only part of a ReadProcessMemory or WriteProcessMemory request was completed. (0x12B)
[0907/190217.257:ERROR:process_memory_win.cc(73)] ReadMemory at 0xaef95fd000 of 12288 bytes failed: Only part of a ReadProcessMemory or WriteProcessMemory request was completed. (0x12B)
[0907/190217.257:ERROR:process_memory_win.cc(73)] ReadMemory at 0xaef4d9e000 of 852 bytes failed: Only part of a ReadProcessMemory or WriteProcessMemory request was completed. (0x12B)
[0907/190217.257:ERROR:process_memory_win.cc(73)] ReadMemory at 0xaef4d9f000 of 6024 bytes failed: Only part of a ReadProcessMemory or WriteProcessMemory request was completed. (0x12B)
[0907/190217.257:ERROR:process_memory_win.cc(73)] ReadMemory at 0xaef4da1000 of 6024 bytes failed: Only part of a ReadProcessMemory or WriteProcessMemory request was completed. (0x12B)
[0907/190217.258:ERROR:process_memory_win.cc(73)] ReadMemory at 0xaef4da3000 of 6024 bytes failed: Only part of a ReadProcessMemory or WriteProcessMemory request was completed. (0x12B)
[0907/190217.258:ERROR:process_memory_win.cc(73)] ReadMemory at 0xaef4da7000 of 6024 bytes failed: Only part of a ReadProcessMemory or WriteProcessMemory request was completed. (0x12B)
[0907/190217.258:ERROR:process_memory_win.cc(73)] ReadMemory at 0xaef4da9000 of 6024 bytes failed: Only part of a ReadProcessMemory or WriteProcessMemory request was completed. (0x12B)
[0907/190217.258:ERROR:process_memory_win.cc(73)] ReadMemory at 0xaef4dab000 of 6024 bytes failed: Only part of a ReadProcessMemory or WriteProcessMemory request was completed. (0x12B)
[0907/190217.258:ERROR:process_memory_win.cc(73)] ReadMemory at 0xaef4dad000 of 6024 bytes failed: Only part of a ReadProcessMemory or WriteProcessMemory request was completed. (0x12B)
[0907/190217.258:ERROR:process_memory_win.cc(73)] ReadMemory at 0xaef4daf000 of 6024 bytes failed: Only part of a ReadProcessMemory or WriteProcessMemory request was completed. (0x12B)
[0907/190217.258:ERROR:process_memory_win.cc(73)] ReadMemory at 0xaef4db3000 of 6024 bytes failed: Only part of a ReadProcessMemory or WriteProcessMemory request was completed. (0x12B)
[0907/190217.259:ERROR:process_memory_win.cc(73)] ReadMemory at 0xaef4db5000 of 6024 bytes failed: Only part of a ReadProcessMemory or WriteProcessMemory request was completed. (0x12B)
[0907/190217.259:ERROR:process_memory_win.cc(73)] ReadMemory at 0xaef4db7000 of 6024 bytes failed: Only part of a ReadProcessMemory or WriteProcessMemory request was completed. (0x12B)
[0907/190217.259:ERROR:process_memory_win.cc(73)] ReadMemory at 0xaef4db9000 of 6024 bytes failed: Only part of a ReadProcessMemory or WriteProcessMemory request was completed. (0x12B)
[0907/190217.259:ERROR:process_memory_win.cc(73)] ReadMemory at 0xaef4dbd000 of 6024 bytes failed: Only part of a ReadProcessMemory or WriteProcessMemory request was completed. (0x12B)
[0907/190217.259:ERROR:process_memory_win.cc(73)] ReadMemory at 0xaef4dbf000 of 6024 bytes failed: Only part of a ReadProcessMemory or WriteProcessMemory request was completed. (0x12B)
[0907/190217.259:ERROR:process_memory_win.cc(73)] ReadMemory at 0xaef4dc1000 of 6024 bytes failed: Only part of a ReadProcessMemory or WriteProcessMemory request was completed. (0x12B)
[0907/190217.259:ERROR:process_memory_win.cc(73)] ReadMemory at 0x20c6d4b02c0 of 40 bytes failed: Only part of a ReadProcessMemory or WriteProcessMemory request was completed. (0x12B)
[0907/190217.259:ERROR:process_memory_win.cc(73)] ReadMemory at 0x20c6d4c02c0 of 40 bytes failed: Only part of a ReadProcessMemory or WriteProcessMemory request was completed. (0x12B)
[0907/190217.259:ERROR:process_memory_win.cc(73)] ReadMemory at 0x20c6d571180 of 512 bytes failed: Only part of a ReadProcessMemory or WriteProcessMemory request was completed. (0x12B)
[0907/190217.259:ERROR:process_memory_win.cc(73)] ReadMemory at 0x20c6d571fc0 of 512 bytes failed: Only part of a ReadProcessMemory or WriteProcessMemory request was completed. (0x12B)
[0907/190217.259:ERROR:process_memory_win.cc(73)] ReadMemory at 0x20c6d5902c0 of 40 bytes failed: Only part of a ReadProcessMemory or WriteProcessMemory request was completed. (0x12B)
[0907/190217.259:ERROR:process_memory_win.cc(73)] ReadMemory at 0x20c6d590fe0 of 19544 bytes failed: Only part of a ReadProcessMemory or WriteProcessMemory request was completed. (0x12B)
[0907/190217.259:ERROR:process_memory_win.cc(73)] ReadMemory at 0x20c6d595c40 of 1012 bytes failed: Only part of a ReadProcessMemory or WriteProcessMemory request was completed. (0x12B)
[0907/190217.260:ERROR:process_memory_win.cc(73)] ReadMemory at 0x20c6d596288 of 120 bytes failed: Only part of a ReadProcessMemory or WriteProcessMemory request was completed. (0x12B)
[0907/190217.260:ERROR:process_memory_win.cc(73)] ReadMemory at 0x20c6d596302 of 750 bytes failed: Only part of a ReadProcessMemory or WriteProcessMemory request was completed. (0x12B)
[0907/190217.260:ERROR:process_memory_win.cc(73)] ReadMemory at 0x20c6d5965f2 of 120 bytes failed: Only part of a ReadProcessMemory or WriteProcessMemory request was completed. (0x12B)
[0907/190217.260:ERROR:process_memory_win.cc(73)] ReadMemory at 0x20c6d59666c of 102 bytes failed: Only part of a ReadProcessMemory or WriteProcessMemory request was completed. (0x12B)
[0907/190217.260:ERROR:process_memory_win.cc(73)] ReadMemory at 0x20c6d5966e0 of 58 bytes failed: Only part of a ReadProcessMemory or WriteProcessMemory request was completed. (0x12B)
[0907/190217.260:ERROR:process_memory_win.cc(73)] ReadMemory at 0x20c6d5967e0 of 132 bytes failed: Only part of a ReadProcessMemory or WriteProcessMemory request was completed. (0x12B)
[0907/190217.260:ERROR:process_memory_win.cc(73)] ReadMemory at 0x20c6d596970 of 132 bytes failed: Only part of a ReadProcessMemory or WriteProcessMemory request was completed. (0x12B)
[0907/190217.260:ERROR:process_memory_win.cc(73)] ReadMemory at 0x20c6d596f10 of 132 bytes failed: Only part of a ReadProcessMemory or WriteProcessMemory request was completed. (0x12B)
[0907/190217.260:ERROR:process_memory_win.cc(73)] ReadMemory at 0x20c6d5970a0 of 64 bytes failed: Only part of a ReadProcessMemory or WriteProcessMemory request was completed. (0x12B)
[0907/190217.260:ERROR:process_memory_win.cc(73)] ReadMemory at 0x20c6d597260 of 132 bytes failed: Only part of a ReadProcessMemory or WriteProcessMemory request was completed. (0x12B)
[0907/190217.260:ERROR:process_memory_win.cc(73)] ReadMemory at 0x20c6d597500 of 132 bytes failed: Only part of a ReadProcessMemory or WriteProcessMemory request was completed. (0x12B)
[0907/190217.260:ERROR:process_memory_win.cc(73)] ReadMemory at 0x20c6d597690 of 68 bytes failed: Only part of a ReadProcessMemory or WriteProcessMemory request was completed. (0x12B)
[0907/190217.260:ERROR:process_memory_win.cc(73)] ReadMemory at 0x20c6d598670 of 152 bytes failed: Only part of a ReadProcessMemory or WriteProcessMemory request was completed. (0x12B)
[0907/190217.260:ERROR:process_memory_win.cc(73)] ReadMemory at 0x20c6d5a206a of 512 bytes failed: Only part of a ReadProcessMemory or WriteProcessMemory request was completed. (0x12B)
[0907/190217.260:ERROR:process_memory_win.cc(73)] ReadMemory at 0x20c6d5a8570 of 64 bytes failed: Only part of a ReadProcessMemory or WriteProcessMemory request was completed. (0x12B)
[0907/190217.261:ERROR:process_memory_win.cc(73)] ReadMemory at 0x20c6d5a88e0 of 64 bytes failed: Only part of a ReadProcessMemory or WriteProcessMemory request was completed. (0x12B)
[0907/190217.261:ERROR:process_memory_win.cc(73)] ReadMemory at 0x20c6d5a8980 of 66 bytes failed: Only part of a ReadProcessMemory or WriteProcessMemory request was completed. (0x12B)
[0907/190217.261:ERROR:process_memory_win.cc(73)] ReadMemory at 0x20c6d5a8a20 of 60 bytes failed: Only part of a ReadProcessMemory or WriteProcessMemory request was completed. (0x12B)
[0907/190217.261:ERROR:process_memory_win.cc(73)] ReadMemory at 0x20c6d5a8ac0 of 64 bytes failed: Only part of a ReadProcessMemory or WriteProcessMemory request was completed. (0x12B)
[0907/190217.261:ERROR:process_memory_win.cc(73)] ReadMemory at 0x20c6d5a8c00 of 64 bytes failed: Only part of a ReadProcessMemory or WriteProcessMemory request was completed. (0x12B)
[0907/190217.261:ERROR:process_memory_win.cc(73)] ReadMemory at 0x20c6d5a8f20 of 64 bytes failed: Only part of a ReadProcessMemory or WriteProcessMemory request was completed. (0x12B)
[0907/190217.261:ERROR:process_memory_win.cc(73)] ReadMemory at 0x20c6d5a8fc0 of 60 bytes failed: Only part of a ReadProcessMemory or WriteProcessMemory request was completed. (0x12B)
[0907/190217.261:ERROR:process_memory_win.cc(73)] ReadMemory at 0x20c6d5a9060 of 62 bytes failed: Only part of a ReadProcessMemory or WriteProcessMemory request was completed. (0x12B)
[0907/190217.261:ERROR:process_memory_win.cc(73)] ReadMemory at 0x20c6d5a90b0 of 62 bytes failed: Only part of a ReadProcessMemory or WriteProcessMemory request was completed. (0x12B)
[0907/190217.261:ERROR:process_memory_win.cc(73)] ReadMemory at 0x20c6d5a91f0 of 60 bytes failed: Only part of a ReadProcessMemory or WriteProcessMemory request was completed. (0x12B)
[0907/190217.261:ERROR:process_memory_win.cc(73)] ReadMemory at 0x20c6d5a9290 of 60 bytes failed: Only part of a ReadProcessMemory or WriteProcessMemory request was completed. (0x12B)
[0907/190217.261:ERROR:process_memory_win.cc(73)] ReadMemory at 0x20c6d5a9380 of 62 bytes failed: Only part of a ReadProcessMemory or WriteProcessMemory request was completed. (0x12B)
[0907/190217.261:ERROR:process_memory_win.cc(73)] ReadMemory at 0x20c6d5a9cb0 of 40 bytes failed: Only part of a ReadProcessMemory or WriteProcessMemory request was completed. (0x12B)
[0907/190217.261:ERROR:process_memory_win.cc(73)] ReadMemory at 0x20c6d5aba20 of 132 bytes failed: Only part of a ReadProcessMemory or WriteProcessMemory request was completed. (0x12B)
[0907/190217.261:ERROR:process_memory_win.cc(73)] ReadMemory at 0x20c6d5abb50 of 144 bytes failed: Only part of a ReadProcessMemory or WriteProcessMemory request was completed. (0x12B)
[0907/190217.261:ERROR:process_memory_win.cc(73)] ReadMemory at 0x20c6d5abc00 of 132 bytes failed: Only part of a ReadProcessMemory or WriteProcessMemory request was completed. (0x12B)
[0907/190217.261:ERROR:process_memory_win.cc(73)] ReadMemory at 0x20c6d5abf00 of 132 bytes failed: Only part of a ReadProcessMemory or WriteProcessMemory request was completed. (0x12B)
[0907/190217.262:ERROR:process_memory_win.cc(73)] ReadMemory at 0x20c6d5ac4c0 of 54 bytes failed: Only part of a ReadProcessMemory or WriteProcessMemory request was completed. (0x12B)
[0907/190217.262:ERROR:process_memory_win.cc(73)] ReadMemory at 0x20c6d5af040 of 132 bytes failed: Only part of a ReadProcessMemory or WriteProcessMemory request was completed. (0x12B)
[0907/190217.262:ERROR:process_memory_win.cc(73)] ReadMemory at 0x20c6d5af230 of 132 bytes failed: Only part of a ReadProcessMemory or WriteProcessMemory request was completed. (0x12B)
[0907/190217.262:ERROR:process_memory_win.cc(73)] ReadMemory at 0x20c6d5af7b0 of 132 bytes failed: Only part of a ReadProcessMemory or WriteProcessMemory request was completed. (0x12B)
[0907/190217.262:ERROR:process_memory_win.cc(73)] ReadMemory at 0x20c6d5b4150 of 80 bytes failed: Only part of a ReadProcessMemory or WriteProcessMemory request was completed. (0x12B)
[0907/190217.262:ERROR:process_memory_win.cc(73)] ReadMemory at 0x20c6d5b6390 of 132 bytes failed: Only part of a ReadProcessMemory or WriteProcessMemory request was completed. (0x12B)
[0907/190217.262:ERROR:process_memory_win.cc(73)] ReadMemory at 0x20c6d5b66f0 of 132 bytes failed: Only part of a ReadProcessMemory or WriteProcessMemory request was completed. (0x12B)
[0907/190217.262:ERROR:process_memory_win.cc(73)] ReadMemory at 0x20c6d5b6900 of 132 bytes failed: Only part of a ReadProcessMemory or WriteProcessMemory request was completed. (0x12B)
[0907/190217.262:ERROR:process_memory_win.cc(73)] ReadMemory at 0x20c6d5b69b0 of 512 bytes failed: Only part of a ReadProcessMemory or WriteProcessMemory request was completed. (0x12B)
[0907/190217.262:ERROR:process_memory_win.cc(73)] ReadMemory at 0x20c6d5b6df0 of 132 bytes failed: Only part of a ReadProcessMemory or WriteProcessMemory request was completed. (0x12B)
[0907/190217.262:ERROR:process_memory_win.cc(73)] ReadMemory at 0x20c6d5b7d50 of 132 bytes failed: Only part of a ReadProcessMemory or WriteProcessMemory request was completed. (0x12B)
[0907/190217.262:ERROR:process_memory_win.cc(73)] ReadMemory at 0x20c6d5b8070 of 132 bytes failed: Only part of a ReadProcessMemory or WriteProcessMemory request was completed. (0x12B)
[0907/190217.262:ERROR:process_memory_win.cc(73)] ReadMemory at 0x20c6d5bbfe0 of 132 bytes failed: Only part of a ReadProcessMemory or WriteProcessMemory request was completed. (0x12B)
[0907/190217.262:ERROR:process_memory_win.cc(73)] ReadMemory at 0x20c6d5bc110 of 132 bytes failed: Only part of a ReadProcessMemory or WriteProcessMemory request was completed. (0x12B)
[0907/190217.262:ERROR:process_memory_win.cc(73)] ReadMemory at 0x20c6d5bc240 of 132 bytes failed: Only part of a ReadProcessMemory or WriteProcessMemory request was completed. (0x12B)
[0907/190217.263:ERROR:process_memory_win.cc(73)] ReadMemory at 0x20c6d5bc370 of 132 bytes failed: Only part of a ReadProcessMemory or WriteProcessMemory request was completed. (0x12B)
[0907/190217.263:ERROR:process_memory_win.cc(73)] ReadMemory at 0x20c6d5bc4a0 of 132 bytes failed: Only part of a ReadProcessMemory or WriteProcessMemory request was completed. (0x12B)
[0907/190217.263:ERROR:process_memory_win.cc(73)] ReadMemory at 0x20c6d5bc5d0 of 132 bytes failed: Only part of a ReadProcessMemory or WriteProcessMemory request was completed. (0x12B)
[0907/190217.263:ERROR:process_memory_win.cc(73)] ReadMemory at 0x20c6d5bc700 of 132 bytes failed: Only part of a ReadProcessMemory or WriteProcessMemory request was completed. (0x12B)
[0907/190217.263:ERROR:process_memory_win.cc(73)] ReadMemory at 0x20c6d5bc830 of 132 bytes failed: Only part of a ReadProcessMemory or WriteProcessMemory request was completed. (0x12B)
[0907/190217.263:ERROR:process_memory_win.cc(73)] ReadMemory at 0x20c6d5bc960 of 132 bytes failed: Only part of a ReadProcessMemory or WriteProcessMemory request was completed. (0x12B)
[0907/190217.263:ERROR:process_memory_win.cc(73)] ReadMemory at 0x20c6d5bca90 of 132 bytes failed: Only part of a ReadProcessMemory or WriteProcessMemory request was completed. (0x12B)
[0907/190217.263:ERROR:process_memory_win.cc(73)] ReadMemory at 0x20c6d5bccf0 of 132 bytes failed: Only part of a ReadProcessMemory or WriteProcessMemory request was completed. (0x12B)
[0907/190217.263:ERROR:process_memory_win.cc(73)] ReadMemory at 0x20c6d5bce20 of 132 bytes failed: Only part of a ReadProcessMemory or WriteProcessMemory request was completed. (0x12B)
[0907/190217.263:ERROR:process_memory_win.cc(73)] ReadMemory at 0x20c6d5bd290 of 80 bytes failed: Only part of a ReadProcessMemory or WriteProcessMemory request was completed. (0x12B)
[0907/190217.264:ERROR:process_memory_win.cc(73)] ReadMemory at 0x20c6d5bd650 of 76 bytes failed: Only part of a ReadProcessMemory or WriteProcessMemory request was completed. (0x12B)
[0907/190217.264:ERROR:process_memory_win.cc(73)] ReadMemory at 0x20c6d5be000 of 132 bytes failed: Only part of a ReadProcessMemory or WriteProcessMemory request was completed. (0x12B)
[0907/190217.264:ERROR:process_memory_win.cc(73)] ReadMemory at 0x20c6d5be4c0 of 132 bytes failed: Only part of a ReadProcessMemory or WriteProcessMemory request was completed. (0x12B)
[0907/190217.264:ERROR:process_memory_win.cc(73)] ReadMemory at 0x20c6d5be850 of 132 bytes failed: Only part of a ReadProcessMemory or WriteProcessMemory request was completed. (0x12B)
[0907/190217.264:ERROR:process_memory_win.cc(73)] ReadMemory at 0x20c6d5be980 of 132 bytes failed: Only part of a ReadProcessMemory or WriteProcessMemory request was completed. (0x12B)
[0907/190217.264:ERROR:process_memory_win.cc(73)] ReadMemory at 0x20c6d5bebe0 of 132 bytes failed: Only part of a ReadProcessMemory or WriteProcessMemory request was completed. (0x12B)
[0907/190217.264:ERROR:process_memory_win.cc(73)] ReadMemory at 0x20c6d5bee40 of 132 bytes failed: Only part of a ReadProcessMemory or WriteProcessMemory request was completed. (0x12B)
[0907/190217.264:ERROR:process_memory_win.cc(73)] ReadMemory at 0x20c6d5bef70 of 132 bytes failed: Only part of a ReadProcessMemory or WriteProcessMemory request was completed. (0x12B)
[0907/190217.264:ERROR:process_memory_win.cc(73)] ReadMemory at 0x20c6d5bf1d0 of 132 bytes failed: Only part of a ReadProcessMemory or WriteProcessMemory request was completed. (0x12B)
[0907/190217.264:ERROR:process_memory_win.cc(73)] ReadMemory at 0x20c6d5bf430 of 132 bytes failed: Only part of a ReadProcessMemory or WriteProcessMemory request was completed. (0x12B)
[0907/190217.264:ERROR:process_memory_win.cc(73)] ReadMemory at 0x20c6d5bf560 of 132 bytes failed: Only part of a ReadProcessMemory or WriteProcessMemory request was completed. (0x12B)
[0907/190217.264:ERROR:process_memory_win.cc(73)] ReadMemory at 0x20c6d5bf690 of 132 bytes failed: Only part of a ReadProcessMemory or WriteProcessMemory request was completed. (0x12B)
[0907/190217.264:ERROR:process_memory_win.cc(73)] ReadMemory at 0x20c6d5c0ae0 of 60 bytes failed: Only part of a ReadProcessMemory or WriteProcessMemory request was completed. (0x12B)
[0907/190217.264:ERROR:process_memory_win.cc(73)] ReadMemory at 0x20c6d5c0d10 of 64 bytes failed: Only part of a ReadProcessMemory or WriteProcessMemory request was completed. (0x12B)
[0907/190217.264:ERROR:process_memory_win.cc(73)] ReadMemory at 0x20c6d5c0d60 of 62 bytes failed: Only part of a ReadProcessMemory or WriteProcessMemory request was completed. (0x12B)
[0907/190217.264:ERROR:process_memory_win.cc(73)] ReadMemory at 0x20c6d5c0ea0 of 62 bytes failed: Only part of a ReadProcessMemory or WriteProcessMemory request was completed. (0x12B)
[0907/190217.264:ERROR:process_memory_win.cc(73)] ReadMemory at 0x20c6d5c0f90 of 58 bytes failed: Only part of a ReadProcessMemory or WriteProcessMemory request was completed. (0x12B)
[0907/190217.264:ERROR:process_memory_win.cc(73)] ReadMemory at 0x20c6d5c0fe0 of 60 bytes failed: Only part of a ReadProcessMemory or WriteProcessMemory request was completed. (0x12B)
[0907/190217.264:ERROR:process_memory_win.cc(73)] ReadMemory at 0x20c6d5c1030 of 64 bytes failed: Only part of a ReadProcessMemory or WriteProcessMemory request was completed. (0x12B)
[0907/190217.264:ERROR:process_memory_win.cc(73)] ReadMemory at 0x20c6d5c1170 of 62 bytes failed: Only part of a ReadProcessMemory or WriteProcessMemory request was completed. (0x12B)
[0907/190217.264:ERROR:process_memory_win.cc(73)] ReadMemory at 0x20c6d5c1210 of 60 bytes failed: Only part of a ReadProcessMemory or WriteProcessMemory request was completed. (0x12B)
[0907/190217.264:ERROR:process_memory_win.cc(73)] ReadMemory at 0x20c6d5c1260 of 62 bytes failed: Only part of a ReadProcessMemory or WriteProcessMemory request was completed. (0x12B)
[0907/190217.265:ERROR:process_memory_win.cc(73)] ReadMemory at 0x20c6d5c12b0 of 60 bytes failed: Only part of a ReadProcessMemory or WriteProcessMemory request was completed. (0x12B)
[0907/190217.265:ERROR:process_memory_win.cc(73)] ReadMemory at 0x20c6d5c14e0 of 64 bytes failed: Only part of a ReadProcessMemory or WriteProcessMemory request was completed. (0x12B)
[0907/190217.265:ERROR:process_memory_win.cc(73)] ReadMemory at 0x20c6d5c1530 of 62 bytes failed: Only part of a ReadProcessMemory or WriteProcessMemory request was completed. (0x12B)
[0907/190217.265:ERROR:process_memory_win.cc(73)] ReadMemory at 0x20c6d5c1670 of 66 bytes failed: Only part of a ReadProcessMemory or WriteProcessMemory request was completed. (0x12B)
[0907/190217.265:ERROR:process_memory_win.cc(73)] ReadMemory at 0x20c6d5c16c0 of 62 bytes failed: Only part of a ReadProcessMemory or WriteProcessMemory request was completed. (0x12B)
[0907/190217.265:ERROR:process_memory_win.cc(73)] ReadMemory at 0x20c6d5c17b0 of 62 bytes failed: Only part of a ReadProcessMemory or WriteProcessMemory request was completed. (0x12B)
[0907/190217.265:ERROR:process_memory_win.cc(73)] ReadMemory at 0x20c6d5c1850 of 60 bytes failed: Only part of a ReadProcessMemory or WriteProcessMemory request was completed. (0x12B)
[0907/190217.265:ERROR:process_memory_win.cc(73)] ReadMemory at 0x20c6d5c29f0 of 124 bytes failed: Only part of a ReadProcessMemory or WriteProcessMemory request was completed. (0x12B)
[0907/190217.265:ERROR:process_memory_win.cc(73)] ReadMemory at 0x20c6d5d33d0 of 48 bytes failed: Only part of a ReadProcessMemory or WriteProcessMemory request was completed. (0x12B)
[0907/190217.265:ERROR:process_memory_win.cc(73)] ReadMemory at 0x20c6d5d3b90 of 48 bytes failed: Only part of a ReadProcessMemory or WriteProcessMemory request was completed. (0x12B)
[0907/190217.265:ERROR:process_memory_win.cc(73)] ReadMemory at 0x20c6d601210 of 512 bytes failed: Only part of a ReadProcessMemory or WriteProcessMemory request was completed. (0x12B)
[0907/190217.265:ERROR:process_memory_win.cc(73)] ReadMemory at 0x20c6d6175c4 of 606 bytes failed: Only part of a ReadProcessMemory or WriteProcessMemory request was completed. (0x12B)
[0907/190217.265:ERROR:process_memory_win.cc(73)] ReadMemory at 0x20c6d617ed0 of 512 bytes failed: Only part of a ReadProcessMemory or WriteProcessMemory request was completed. (0x12B)
[0907/190217.265:ERROR:process_memory_win.cc(73)] ReadMemory at 0x20c6d6219c0 of 512 bytes failed: Only part of a ReadProcessMemory or WriteProcessMemory request was completed. (0x12B)
[0907/190217.265:ERROR:process_memory_win.cc(73)] ReadMemory at 0x20c6d6230c8 of 512 bytes failed: Only part of a ReadProcessMemory or WriteProcessMemory request was completed. (0x12B)
[0907/190217.266:ERROR:process_memory_win.cc(73)] ReadMemory at 0x20c6d627880 of 512 bytes failed: Only part of a ReadProcessMemory or WriteProcessMemory request was completed. (0x12B)
[0907/190217.266:ERROR:process_memory_win.cc(73)] ReadMemory at 0x20c6d64a6a0 of 712 bytes failed: Only part of a ReadProcessMemory or WriteProcessMemory request was completed. (0x12B)
[0907/190217.266:ERROR:process_memory_win.cc(73)] ReadMemory at 0x20c6d64f7a0 of 712 bytes failed: Only part of a ReadProcessMemory or WriteProcessMemory request was completed. (0x12B)
[0907/190217.266:ERROR:process_memory_win.cc(73)] ReadMemory at 0x20c6d6697d0 of 512 bytes failed: Only part of a ReadProcessMemory or WriteProcessMemory request was completed. (0x12B)
[0907/190217.266:ERROR:process_memory_win.cc(73)] ReadMemory at 0x20c6d671fe0 of 512 bytes failed: Only part of a ReadProcessMemory or WriteProcessMemory request was completed. (0x12B)
[0907/190217.266:ERROR:process_memory_win.cc(73)] ReadMemory at 0x20c6d672b90 of 40 bytes failed: Only part of a ReadProcessMemory or WriteProcessMemory request was completed. (0x12B)
[0907/190217.266:ERROR:process_memory_win.cc(73)] ReadMemory at 0x20c6d6d02c0 of 40 bytes failed: Only part of a ReadProcessMemory or WriteProcessMemory request was completed. (0x12B)
[0907/190217.266:ERROR:process_memory_win.cc(73)] ReadMemory at 0x20c6d7002c0 of 40 bytes failed: Only part of a ReadProcessMemory or WriteProcessMemory request was completed. (0x12B)
[0907/190217.266:ERROR:process_memory_win.cc(73)] ReadMemory at 0x20c6f500000 of 384 bytes failed: Only part of a ReadProcessMemory or WriteProcessMemory request was completed. (0x12B)
[0907/190217.266:ERROR:process_memory_win.cc(73)] ReadMemory at 0x20c6f521a30 of 512 bytes failed: Only part of a ReadProcessMemory or WriteProcessMemory request was completed. (0x12B)
[0907/190217.266:ERROR:process_memory_win.cc(73)] ReadMemory at 0x20c6f6ff2c0 of 512 bytes failed: Only part of a ReadProcessMemory or WriteProcessMemory request was completed. (0x12B)
[0907/190217.267:ERROR:process_memory_win.cc(73)] ReadMemory at 0x20c6feb1030 of 512 bytes failed: Only part of a ReadProcessMemory or WriteProcessMemory request was completed. (0x12B)
[0907/190217.267:ERROR:process_memory_win.cc(73)] ReadMemory at 0x20c70aa3d70 of 512 bytes failed: Only part of a ReadProcessMemory or WriteProcessMemory request was completed. (0x12B)
[0907/190217.267:ERROR:process_memory_win.cc(73)] ReadMemory at 0x20c70c99cf0 of 512 bytes failed: Only part of a ReadProcessMemory or WriteProcessMemory request was completed. (0x12B)
[0907/190217.267:ERROR:process_memory_win.cc(73)] ReadMemory at 0x20c710a109d of 512 bytes failed: Only part of a ReadProcessMemory or WriteProcessMemory request was completed. (0x12B)
[0907/190217.267:ERROR:process_memory_win.cc(73)] ReadMemory at 0x57010a0d89e4 of 512 bytes failed: Only part of a ReadProcessMemory or WriteProcessMemory request was completed. (0x12B)
[0907/190217.267:ERROR:process_memory_win.cc(73)] ReadMemory at 0x57010a1aef3c of 512 bytes failed: Only part of a ReadProcessMemory or WriteProcessMemory request was completed. (0x12B)
[0907/190217.267:ERROR:process_memory_win.cc(73)] ReadMemory at 0x7fffa576e3b0 of 40 bytes failed: Only part of a ReadProcessMemory or WriteProcessMemory request was completed. (0x12B)
[0907/190217.267:ERROR:process_memory_win.cc(73)] ReadMemory at 0x7fffdbde8cb0 of 40 bytes failed: Only part of a ReadProcessMemory or WriteProcessMemory request was completed. (0x12B)
[0907/190217.267:ERROR:process_memory_win.cc(73)] ReadMemory at 0x7fffdc99a699 of 512 bytes failed: Only part of a ReadProcessMemory or WriteProcessMemory request was completed. (0x12B)
[0907/190217.267:ERROR:process_memory_win.cc(73)] ReadMemory at 0x7fffdcbcc6d0 of 512 bytes failed: Only part of a ReadProcessMemory or WriteProcessMemory request was completed. (0x12B)
[0907/190217.267:ERROR:process_memory_win.cc(73)] ReadMemory at 0x7fffde2bf5b0 of 176 bytes failed: Only part of a ReadProcessMemory or WriteProcessMemory request was completed. (0x12B)
[0907/190217.267:ERROR:process_memory_win.cc(73)] ReadMemory at 0x7fffde387b54 of 512 bytes failed: Only part of a ReadProcessMemory or WriteProcessMemory request was completed. (0x12B)
[0907/190217.267:ERROR:process_memory_win.cc(73)] ReadMemory at 0x7fffde391f80 of 512 bytes failed: Only part of a ReadProcessMemory or WriteProcessMemory request was completed. (0x12B)
[0907/190217.267:ERROR:process_memory_win.cc(73)] ReadMemory at 0x7fffdf05c3bf of 512 bytes failed: Only part of a ReadProcessMemory or WriteProcessMemory request was completed. (0x12B)
[0907/190217.268:ERROR:process_memory_win.cc(73)] ReadMemory at 0x7fffdf0bc074 of 672 bytes failed: Only part of a ReadProcessMemory or WriteProcessMemory request was completed. (0x12B)
[0907/190217.268:ERROR:process_memory_win.cc(73)] ReadMemory at 0x7fffdf0bc674 of 512 bytes failed: Only part of a ReadProcessMemory or WriteProcessMemory request was completed. (0x12B)
[0907/190217.268:ERROR:process_memory_win.cc(73)] ReadMemory at 0x7fffdf0bf924 of 608 bytes failed: Only part of a ReadProcessMemory or WriteProcessMemory request was completed. (0x12B)
[0907/190217.268:ERROR:process_memory_win.cc(73)] ReadMemory at 0x7fffdf14c428 of 18 bytes failed: Only part of a ReadProcessMemory or WriteProcessMemory request was completed. (0x12B)
[0907/190217.268:ERROR:process_memory_win.cc(73)] ReadMemory at 0x7fffdf17f4f8 of 40 bytes failed: Only part of a ReadProcessMemory or WriteProcessMemory request was completed. (0x12B)
[0907/190217.268:ERROR:process_memory_win.cc(73)] ReadMemory at 0x7fffdf17f560 of 48 bytes failed: Only part of a ReadProcessMemory or WriteProcessMemory request was completed. (0x12B)
[0907/190217.268:ERROR:process_memory_win.cc(73)] ReadMemory at 0x7fffdf17f978 of 48 bytes failed: Only part of a ReadProcessMemory or WriteProcessMemory request was completed. (0x12B)
[0907/190217.268:ERROR:process_memory_win.cc(73)] ReadMemory at 0x7fffdf183be0 of 40 bytes failed: Only part of a ReadProcessMemory or WriteProcessMemory request was completed. (0x12B)
[0907/190217.268:ERROR:process_memory_win.cc(73)] ReadMemory at 0x7fffdf183d40 of 336 bytes failed: Only part of a ReadProcessMemory or WriteProcessMemory request was completed. (0x12B)
[0907/190217.268:ERROR:process_memory_win.cc(73)] ReadMemory at 0x7fffdf1853c0 of 64 bytes failed: Only part of a ReadProcessMemory or WriteProcessMemory request was completed. (0x12B)
[0907/190217.269:ERROR:scoped_process_suspend.cc(40)] NtResumeProcess: An attempt was made to access an exiting process. (0xc000010a)
[1015/230739.449:ERROR:directory_reader_win.cc(43)] FindFirstFile: The system cannot find the path specified. (0x3)
